mktextfm ptmr7t
mktextfm ptmr7t
mktextfm ptmb7t
mktextfm nullfont
mktextfm ptmb7t
mktextfm nullfont
mktextfm ptmr7t
mktextfm ptmro7t
mktextfm ptmr7t
mktextfm ptmr7t
mktextfm ptmr7t
mktextfm ptmr7t
mktextfm ecrm1200
mktextfm ecrm1728
mktextfm ecbx1728
mktextfm ecbx1200
mktextfm ecrm1095
mktextfm ecsl1200
mktextfm ecrm1200
mktextfm ecrm1728
mktextfm ecbx1728
mktextfm ecbx1200
mktextfm ecrm1095
mktextfm ecsl1200
mktextfm ecrm1200
mktextfm ecrm1728
mktextfm ecbx1728
mktextfm ecbx1200
mktextfm ecrm1095
mktextfm ecsl1200
